<?xml version="1.0" encoding="UTF-8"?>
<testng-results skipped="0" failed="0" ignored="0" total="1" passed="1">
  <reporter-output>
  </reporter-output>
  <suite name="Default suite" duration-ms="16700" started-at="2018-07-17T19:52:29Z" finished-at="2018-07-17T19:52:46Z">
    <groups>
    </groups>
    <test name="Default test" duration-ms="16700" started-at="2018-07-17T19:52:29Z" finished-at="2018-07-17T19:52:46Z">
      <class name="tests.CalculatorTest">
        <test-method status="PASS" signature="start()[pri:0, instance:tests.CalculatorTest@548a9f61]" name="start" is-config="true" duration-ms="21" started-at="2018-07-17T21:52:29Z" finished-at="2018-07-17T21:52:29Z">
          <reporter-output>
          </reporter-output>
        </test-method> <!-- start -->
        <test-method status="PASS" signature="mainTest()[pri:0, instance:tests.CalculatorTest@548a9f61]" name="mainTest" duration-ms="15777" started-at="2018-07-17T21:52:29Z" finished-at="2018-07-17T21:52:45Z">
          <reporter-output>
          </reporter-output>
        </test-method> <!-- mainTest -->
        <test-method status="PASS" signature="finishTest(org.testng.ITestResult)[pri:0, instance:tests.CalculatorTest@548a9f61]" name="finishTest" is-config="true" duration-ms="847" started-at="2018-07-17T21:52:45Z" finished-at="2018-07-17T21:52:46Z">
          <params>
            <param index="0">
              <value>
                <![CDATA[[TestResult name=mainTest status=SUCCESS method=CalculatorTest.mainTest()[pri:0, instance:tests.CalculatorTest@548a9f61] output={null}]]]>
              </value>
            </param>
          </params>
          <reporter-output>
          </reporter-output>
        </test-method> <!-- finishTest -->
      </class> <!-- tests.CalculatorTest -->
    </test> <!-- Default test -->
  </suite> <!-- Default suite -->
</testng-results>
