<?xml version="1.0" encoding="UTF-8"?>
<testng-results skipped="0" failed="0" ignored="0" total="1" passed="1">
  <reporter-output>
  </reporter-output>
  <suite name="Default suite" duration-ms="34427" started-at="2018-09-13T20:07:46Z" finished-at="2018-09-13T20:08:21Z">
    <groups>
    </groups>
    <test name="Default test" duration-ms="34427" started-at="2018-09-13T20:07:46Z" finished-at="2018-09-13T20:08:21Z">
      <class name="tests.CalculatorTest">
        <test-method status="PASS" signature="start()[pri:0, instance:tests.CalculatorTest@42d80b78]" name="start" is-config="true" duration-ms="28" started-at="2018-09-13T20:07:46Z" finished-at="2018-09-13T20:07:46Z">
          <reporter-output>
          </reporter-output>
        </test-method> <!-- start -->
        <test-method status="PASS" signature="mainTest()[pri:0, instance:tests.CalculatorTest@42d80b78]" name="mainTest" duration-ms="32611" started-at="2018-09-13T20:07:46Z" finished-at="2018-09-13T20:08:19Z">
          <reporter-output>
          </reporter-output>
        </test-method> <!-- mainTest -->
        <test-method status="PASS" signature="finishTest(org.testng.ITestResult)[pri:0, instance:tests.CalculatorTest@42d80b78]" name="finishTest" is-config="true" duration-ms="1605" started-at="2018-09-13T20:08:19Z" finished-at="2018-09-13T20:08:21Z">
          <params>
            <param index="0">
              <value>
                <![CDATA[[TestResult name=mainTest status=SUCCESS method=CalculatorTest.mainTest()[pri:0, instance:tests.CalculatorTest@42d80b78] output={null}]]]>
              </value>
            </param>
          </params>
          <reporter-output>
          </reporter-output>
        </test-method> <!-- finishTest -->
      </class> <!-- tests.CalculatorTest -->
    </test> <!-- Default test -->
  </suite> <!-- Default suite -->
</testng-results>
